<?xml version="1.0" encoding="UTF-8"?>
<!-- Generated by org.testng.reporters.JUnitReportReporter -->
<testsuite hostname="LAPTOP-HJB88SI8" failures="0" tests="1" name="com.JavaProg.Calculator.TestingSubstractionTestCases" time="0.009" errors="0" timestamp="2021-04-24T11:07:12 IST" skipped="0">
  <testcase classname="com.JavaProg.Calculator.TestingSubstractionTestCases" name="SubstractionPositiveNumbers" time="0.009"/>
  <system-out/>
</testsuite> <!-- com.JavaProg.Calculator.TestingSubstractionTestCases -->
