<?xml version="1.0" encoding="UTF-8"?>
<!-- Generated by org.testng.reporters.JUnitReportReporter -->
<testsuite hostname="LAPTOP-HJB88SI8" failures="0" tests="3" name="com.JavaProg.Calculator.AdditionTestCases" time="0.062" errors="0" timestamp="2021-04-24T11:07:12 IST" skipped="0">
  <testcase classname="com.JavaProg.Calculator.AdditionTestCases" name="TestAdditionWithPositiveNumbers" time="0.039"/>
  <system-out/>
  <testcase classname="com.JavaProg.Calculator.AdditionTestCases" name="TestAdditionWithOnePositiveOneNegative" time="0.010"/>
  <system-out/>
  <testcase classname="com.JavaProg.Calculator.AdditionTestCases" name="TestAdditionWithZeroNumbers" time="0.013"/>
  <system-out/>
</testsuite> <!-- com.JavaProg.Calculator.AdditionTestCases -->
