<?xml version="1.0" encoding="UTF-8"?>
<!-- Generated by org.testng.reporters.JUnitReportReporter -->
<testsuite hostname="LAPTOP-HJB88SI8" failures="0" tests="3" name="com.JavaProg.Calculator.TestMultiplication" time="0.062" errors="0" timestamp="2021-04-24T11:07:13 IST" skipped="0">
  <testcase classname="com.JavaProg.Calculator.TestMultiplication" name="TestMultiplicationWithPositiveNumbers" time="0.009"/>
  <system-out/>
  <testcase classname="com.JavaProg.Calculator.TestMultiplication" name="TestMultiplicationWithPositiveNumbers" time="0.007"/>
  <system-out/>
  <testcase classname="com.JavaProg.Calculator.TestMultiplication" name="TestMultiplicationWithPositiveNumbers" time="0.046"/>
  <system-out/>
</testsuite> <!-- com.JavaProg.Calculator.TestMultiplication -->
