<?xml version="1.0" encoding="UTF-8"?>
<!-- Generated by org.testng.reporters.JUnitReportReporter -->
<testsuite hostname="LAPTOP-HJB88SI8" failures="0" tests="2" name="com.JavaProg.Calculator.TestDivision" time="0.032" errors="0" timestamp="2021-04-24T11:07:13 IST" skipped="0">
  <testcase classname="com.JavaProg.Calculator.TestDivision" name="TestDivisionWithPositiveNumbers" time="0.026"/>
  <system-out/>
  <testcase classname="com.JavaProg.Calculator.TestDivision" name="TestDivisionWithnegativeNumbers" time="0.006"/>
  <system-out/>
</testsuite> <!-- com.JavaProg.Calculator.TestDivision -->
