<?xml version="1.0" encoding="UTF-8"?>
<!-- Generated by org.testng.reporters.JUnitReportReporter -->
<testsuite skipped="0" hostname="LAPTOP-HJB88SI8" name="com.JavaProg.Calculator.AdditionTestCases" tests="3" failures="0" timestamp="2021-04-20T09:20:33 IST" time="0.028" errors="0">
  <testcase name="TestAdditionWithPositiveNumbers" time="0.011" classname="com.JavaProg.Calculator.AdditionTestCases"/>
  <system-out/>
  <testcase name="TestAdditionWithOnePositiveOneNegative" time="0.005" classname="com.JavaProg.Calculator.AdditionTestCases"/>
  <system-out/>
  <testcase name="TestAdditionWithZeroNumbers" time="0.012" classname="com.JavaProg.Calculator.AdditionTestCases"/>
  <system-out/>
</testsuite> <!-- com.JavaProg.Calculator.AdditionTestCases -->
