<?xml version="1.0" encoding="UTF-8"?>
<!-- Generated by org.testng.reporters.JUnitReportReporter -->
<testsuite skipped="0" hostname="LAPTOP-HJB88SI8" name="com.JavaProg.Calculator.TestMultiplication" tests="3" failures="0" timestamp="2021-04-20T09:20:33 IST" time="0.090" errors="0">
  <testcase name="TestMultiplicationWithPositiveNumbers" time="0.002" classname="com.JavaProg.Calculator.TestMultiplication"/>
  <system-out/>
  <testcase name="TestMultiplicationWithPositiveNumbers" time="0.000" classname="com.JavaProg.Calculator.TestMultiplication"/>
  <system-out/>
  <testcase name="TestMultiplicationWithPositiveNumbers" time="0.088" classname="com.JavaProg.Calculator.TestMultiplication"/>
  <system-out/>
</testsuite> <!-- com.JavaProg.Calculator.TestMultiplication -->
