<?xml version="1.0" encoding="UTF-8"?>
<!-- Generated by org.testng.reporters.JUnitReportReporter -->
<testsuite skipped="0" hostname="LAPTOP-HJB88SI8" name="com.JavaProg.Calculator.TestingSubstractionTestCases" tests="1" failures="0" timestamp="2021-04-20T09:20:33 IST" time="0.001" errors="0">
  <testcase name="SubstractionPositiveNumbers" time="0.001" classname="com.JavaProg.Calculator.TestingSubstractionTestCases"/>
  <system-out/>
</testsuite> <!-- com.JavaProg.Calculator.TestingSubstractionTestCases -->
