<?xml version="1.0" encoding="UTF-8"?>
<!-- Generated by org.testng.reporters.JUnitReportReporter -->
<testsuite skipped="0" hostname="LAPTOP-HJB88SI8" name="com.JavaProg.Calculator.TestDivision" tests="2" failures="0" timestamp="2021-04-20T09:20:33 IST" time="0.006" errors="0">
  <testcase name="TestDivisionWithPositiveNumbers" time="0.003" classname="com.JavaProg.Calculator.TestDivision"/>
  <system-out/>
  <testcase name="TestDivisionWithnegativeNumbers" time="0.003" classname="com.JavaProg.Calculator.TestDivision"/>
  <system-out/>
</testsuite> <!-- com.JavaProg.Calculator.TestDivision -->
